<?xml version="1.0" encoding="UTF-8"?>
<!-- Generated by org.testng.reporters.JUnitReportReporter -->
<testsuite skipped="0" hostname="DESKTOP-KQ81DDT" name="testCases.Homepage" tests="1" failures="0" timestamp="07 Apr 2019 17:04:31 GMT" time="27.815" errors="0">
  <testcase name="f" time="27.815" classname="testCases.Homepage"/>
</testsuite> <!-- testCases.Homepage -->
