<?xml version="1.0" encoding="UTF-8"?>
<!-- Generated by org.testng.reporters.JUnitReportReporter -->
<testsuite skipped="2" hostname="DESKTOP-KQ81DDT" name="testCases.Homepage" tests="3" failures="0" timestamp="17 Apr 2019 18:08:18 GMT" time="95.716" errors="0">
  <testcase name="TC_03" time="95.716" classname="testCases.Homepage"/>
  <testcase name="TC_01" classname="testCases.Homepage">
    <skipped/>
  </testcase> <!-- TC_01 -->
  <testcase name="TC_02" classname="testCases.Homepage">
    <skipped/>
  </testcase> <!-- TC_02 -->
</testsuite> <!-- testCases.Homepage -->
